Started GET "/" for 127.0.0.1 at 2022-06-20 11:40:41 +0300
  
ActiveRecord::NoDatabaseError (We could not find your database: paradise_development. Which can be found in the database configuration file located at config/database.yml.

To resolve this issue:

- Did you create the database for this app, or delete it? You may need to create your database.
- Has the database name changed? Check your database.yml config has the correct database name.

To create your database, run:

        bin/rails db:create
):
  
activerecord (7.0.3) lib/active_record/connection_adapters/mysql2_adapter.rb:47:in `rescue in new_client'
activerecord (7.0.3) lib/active_record/connection_adapters/mysql2_adapter.rb:43:in `new_client'
activerecord (7.0.3) lib/active_record/connection_adapters/mysql2_adapter.rb:23:in `mysql2_connection'
activerecord (7.0.3) lib/active_record/connection_adapters/abstract/connection_pool.rb:656:in `public_send'
activerecord (7.0.3) lib/active_record/connection_adapters/abstract/connection_pool.rb:656:in `new_connection'
activerecord (7.0.3) lib/active_record/connection_adapters/abstract/connection_pool.rb:700:in `checkout_new_connection'
activerecord (7.0.3) lib/active_record/connection_adapters/abstract/connection_pool.rb:679:in `try_to_checkout_new_connection'
activerecord (7.0.3) lib/active_record/connection_adapters/abstract/connection_pool.rb:640:in `acquire_connection'
activerecord (7.0.3) lib/active_record/connection_adapters/abstract/connection_pool.rb:341:in `checkout'
activerecord (7.0.3) lib/active_record/connection_adapters/abstract/connection_pool.rb:181:in `connection'
activerecord (7.0.3) lib/active_record/connection_adapters/abstract/connection_handler.rb:211:in `retrieve_connection'
activerecord (7.0.3) lib/active_record/connection_handling.rb:313:in `retrieve_connection'
activerecord (7.0.3) lib/active_record/connection_handling.rb:280:in `connection'
activerecord (7.0.3) lib/active_record/migration.rb:613:in `connection'
activerecord (7.0.3) lib/active_record/migration.rb:608:in `build_watcher'
activerecord (7.0.3) lib/active_record/migration.rb:590:in `block in call'
activerecord (7.0.3) lib/active_record/migration.rb:589:in `synchronize'
activerecord (7.0.3) lib/active_record/migration.rb:589:in `call'
actionpack (7.0.3) lib/action_dispatch/middleware/callbacks.rb:27:in `block in call'
activesupport (7.0.3) lib/active_support/callbacks.rb:99:in `run_callbacks'
actionpack (7.0.3) lib/action_dispatch/middleware/callbacks.rb:26:in `call'
actionpack (7.0.3) lib/action_dispatch/middleware/executor.rb:14:in `call'
actionpack (7.0.3) lib/action_dispatch/middleware/actionable_exceptions.rb:17:in `call'
actionpack (7.0.3) lib/action_dispatch/middleware/debug_exceptions.rb:28:in `call'
web-console (4.2.0) lib/web_console/middleware.rb:132:in `call_app'
web-console (4.2.0) lib/web_console/middleware.rb:28:in `block in call'
web-console (4.2.0) lib/web_console/middleware.rb:17:in `catch'
web-console (4.2.0) lib/web_console/middleware.rb:17:in `call'
actionpack (7.0.3) lib/action_dispatch/middleware/show_exceptions.rb:26:in `call'
railties (7.0.3) lib/rails/rack/logger.rb:40:in `call_app'
railties (7.0.3) lib/rails/rack/logger.rb:25:in `block in call'
activesupport (7.0.3) lib/active_support/tagged_logging.rb:114:in `block in tagged'
activesupport (7.0.3) lib/active_support/tagged_logging.rb:38:in `tagged'
activesupport (7.0.3) lib/active_support/tagged_logging.rb:114:in `tagged'
railties (7.0.3) lib/rails/rack/logger.rb:25:in `call'
sprockets-rails (3.4.2) lib/sprockets/rails/quiet_assets.rb:13:in `call'
actionpack (7.0.3) lib/action_dispatch/middleware/remote_ip.rb:93:in `call'
actionpack (7.0.3) lib/action_dispatch/middleware/request_id.rb:26:in `call'
rack (2.2.3.1) lib/rack/method_override.rb:24:in `call'
rack (2.2.3.1) lib/rack/runtime.rb:22:in `call'
activesupport (7.0.3) lib/active_support/cache/strategy/local_cache_middleware.rb:29:in `call'
actionpack (7.0.3) lib/action_dispatch/middleware/server_timing.rb:20:in `call'
actionpack (7.0.3) lib/action_dispatch/middleware/executor.rb:14:in `call'
actionpack (7.0.3) lib/action_dispatch/middleware/static.rb:23:in `call'
rack (2.2.3.1) lib/rack/sendfile.rb:110:in `call'
actionpack (7.0.3) lib/action_dispatch/middleware/host_authorization.rb:137:in `call'
railties (7.0.3) lib/rails/engine.rb:530:in `call'
puma (5.6.4) lib/puma/configuration.rb:252:in `call'
puma (5.6.4) lib/puma/request.rb:77:in `block in handle_request'
puma (5.6.4) lib/puma/thread_pool.rb:340:in `with_force_shutdown'
puma (5.6.4) lib/puma/request.rb:76:in `handle_request'
puma (5.6.4) lib/puma/server.rb:441:in `process_client'
puma (5.6.4) lib/puma/thread_pool.rb:147:in `block in spawn_thread'
  [1m[35m (24.2ms)[0m  [1m[35mCREATE DATABASE `paradise_development` DEFAULT CHARACTER SET `utf8mb4`[0m
  [1m[35m (10.7ms)[0m  [1m[35mCREATE DATABASE `paradise_test` DEFAULT CHARACTER SET `utf8mb4`[0m
Started GET "/" for 127.0.0.1 at 2022-06-20 11:41:55 +0300
  [1m[35m (29.1ms)[0m  [1m[35mCREATE TABLE `schema_migrations` (`version` varchar(255) NOT NULL PRIMARY KEY)[0m
  [1m[35m (27.6ms)[0m  [1m[35mCREATE TABLE `ar_internal_metadata` (`key` varchar(255) NOT NULL PRIMARY KEY, `value` varchar(255), `created_at` datetime(6) NOT NULL, `updated_at` datetime(6) NOT NULL)[0m
  [1m[36mActiveRecord::SchemaMigration Pluck (6.0ms)[0m  [1m[34mSELECT `schema_migrations`.`version` FROM `schema_migrations` ORDER BY `schema_migrations`.`version` ASC[0m
  
ActiveRecord::PendingMigrationError (

Migrations are pending. To resolve this issue, run:

        bin/rails db:migrate RAILS_ENV=development

You have 5 pending migrations:

20220614062155_create_articles.rb
20220614085419_create_comments.rb
20220614104514_add_status_to_articles.rb
20220614104529_add_status_to_comments.rb
20220616082833_add_slug_to_articles.rb


):
  
activerecord (7.0.3) lib/active_record/migration.rb:627:in `check_pending!'
activerecord (7.0.3) lib/active_record/migration.rb:592:in `block (2 levels) in call'
activesupport (7.0.3) lib/active_support/file_update_checker.rb:83:in `execute'
activerecord (7.0.3) lib/active_record/migration.rb:597:in `block in call'
activerecord (7.0.3) lib/active_record/migration.rb:589:in `synchronize'
activerecord (7.0.3) lib/active_record/migration.rb:589:in `call'
actionpack (7.0.3) lib/action_dispatch/middleware/callbacks.rb:27:in `block in call'
activesupport (7.0.3) lib/active_support/callbacks.rb:99:in `run_callbacks'
actionpack (7.0.3) lib/action_dispatch/middleware/callbacks.rb:26:in `call'
actionpack (7.0.3) lib/action_dispatch/middleware/executor.rb:14:in `call'
actionpack (7.0.3) lib/action_dispatch/middleware/actionable_exceptions.rb:17:in `call'
actionpack (7.0.3) lib/action_dispatch/middleware/debug_exceptions.rb:28:in `call'
web-console (4.2.0) lib/web_console/middleware.rb:132:in `call_app'
web-console (4.2.0) lib/web_console/middleware.rb:28:in `block in call'
web-console (4.2.0) lib/web_console/middleware.rb:17:in `catch'
web-console (4.2.0) lib/web_console/middleware.rb:17:in `call'
actionpack (7.0.3) lib/action_dispatch/middleware/show_exceptions.rb:26:in `call'
railties (7.0.3) lib/rails/rack/logger.rb:40:in `call_app'
railties (7.0.3) lib/rails/rack/logger.rb:25:in `block in call'
activesupport (7.0.3) lib/active_support/tagged_logging.rb:114:in `block in tagged'
activesupport (7.0.3) lib/active_support/tagged_logging.rb:38:in `tagged'
activesupport (7.0.3) lib/active_support/tagged_logging.rb:114:in `tagged'
railties (7.0.3) lib/rails/rack/logger.rb:25:in `call'
sprockets-rails (3.4.2) lib/sprockets/rails/quiet_assets.rb:13:in `call'
actionpack (7.0.3) lib/action_dispatch/middleware/remote_ip.rb:93:in `call'
actionpack (7.0.3) lib/action_dispatch/middleware/request_id.rb:26:in `call'
rack (2.2.3.1) lib/rack/method_override.rb:24:in `call'
rack (2.2.3.1) lib/rack/runtime.rb:22:in `call'
activesupport (7.0.3) lib/active_support/cache/strategy/local_cache_middleware.rb:29:in `call'
actionpack (7.0.3) lib/action_dispatch/middleware/server_timing.rb:20:in `call'
actionpack (7.0.3) lib/action_dispatch/middleware/executor.rb:14:in `call'
actionpack (7.0.3) lib/action_dispatch/middleware/static.rb:23:in `call'
rack (2.2.3.1) lib/rack/sendfile.rb:110:in `call'
actionpack (7.0.3) lib/action_dispatch/middleware/host_authorization.rb:137:in `call'
railties (7.0.3) lib/rails/engine.rb:530:in `call'
puma (5.6.4) lib/puma/configuration.rb:252:in `call'
puma (5.6.4) lib/puma/request.rb:77:in `block in handle_request'
puma (5.6.4) lib/puma/thread_pool.rb:340:in `with_force_shutdown'
puma (5.6.4) lib/puma/request.rb:76:in `handle_request'
puma (5.6.4) lib/puma/server.rb:441:in `process_client'
puma (5.6.4) lib/puma/thread_pool.rb:147:in `block in spawn_thread'
  [1m[35m (0.2ms)[0m  [1m[34mSELECT GET_LOCK('8745068457746975655', 0)[0m
  [1m[36mActiveRecord::SchemaMigration Pluck (0.3ms)[0m  [1m[34mSELECT `schema_migrations`.`version` FROM `schema_migrations` ORDER BY `schema_migrations`.`version` ASC[0m
Migrating to CreateArticles (20220614062155)
  [1m[35m (45.0ms)[0m  [1m[35mCREATE TABLE `articles` (`id` bigint NOT NULL AUTO_INCREMENT PRIMARY KEY, `title` varchar(255), `body` text, `created_at` datetime(6) NOT NULL, `updated_at` datetime(6) NOT NULL)[0m
  [1m[36mTRANSACTION (0.3ms)[0m  [1m[35mBEGIN[0m
  [1m[36mActiveRecord::SchemaMigration Create (14.2ms)[0m  [1m[32mINSERT INTO `schema_migrations` (`version`) VALUES ('20220614062155')[0m
  [1m[36mTRANSACTION (3.9ms)[0m  [1m[35mCOMMIT[0m
Migrating to CreateComments (20220614085419)
  [1m[35m (34.0ms)[0m  [1m[35mCREATE TABLE `comments` (`id` bigint NOT NULL AUTO_INCREMENT PRIMARY KEY, `commenter` varchar(255), `body` text, `article_id` bigint NOT NULL, `created_at` datetime(6) NOT NULL, `updated_at` datetime(6) NOT NULL, INDEX `index_comments_on_article_id` (`article_id`), CONSTRAINT `fk_rails_3bf61a60d3`
FOREIGN KEY (`article_id`)
  REFERENCES `articles` (`id`)
)[0m
  [1m[36mTRANSACTION (0.9ms)[0m  [1m[35mBEGIN[0m
  [1m[36mActiveRecord::SchemaMigration Create (1.0ms)[0m  [1m[32mINSERT INTO `schema_migrations` (`version`) VALUES ('20220614085419')[0m
  [1m[36mTRANSACTION (23.4ms)[0m  [1m[35mCOMMIT[0m
Migrating to AddStatusToArticles (20220614104514)
  [1m[35m (34.7ms)[0m  [1m[35mALTER TABLE `articles` ADD `status` varchar(255)[0m
  [1m[36mTRANSACTION (0.3ms)[0m  [1m[35mBEGIN[0m
  [1m[36mActiveRecord::SchemaMigration Create (0.5ms)[0m  [1m[32mINSERT INTO `schema_migrations` (`version`) VALUES ('20220614104514')[0m
  [1m[36mTRANSACTION (11.0ms)[0m  [1m[35mCOMMIT[0m
Migrating to AddStatusToComments (20220614104529)
  [1m[35m (21.3ms)[0m  [1m[35mALTER TABLE `comments` ADD `status` varchar(255)[0m
  [1m[36mTRANSACTION (0.4ms)[0m  [1m[35mBEGIN[0m
  [1m[36mActiveRecord::SchemaMigration Create (0.5ms)[0m  [1m[32mINSERT INTO `schema_migrations` (`version`) VALUES ('20220614104529')[0m
  [1m[36mTRANSACTION (18.5ms)[0m  [1m[35mCOMMIT[0m
Migrating to AddSlugToArticles (20220616082833)
  [1m[35m (27.0ms)[0m  [1m[35mALTER TABLE `articles` ADD `slug` varchar(255)[0m
  [1m[35m (53.2ms)[0m  [1m[35mCREATE UNIQUE INDEX `index_articles_on_slug` ON `articles` (`slug`)[0m
  [1m[36mTRANSACTION (0.2ms)[0m  [1m[35mBEGIN[0m
  [1m[36mActiveRecord::SchemaMigration Create (0.5ms)[0m  [1m[32mINSERT INTO `schema_migrations` (`version`) VALUES ('20220616082833')[0m
  [1m[36mTRANSACTION (3.3ms)[0m  [1m[35mCOMMIT[0m
  [1m[36mActiveRecord::InternalMetadata Load (1.4ms)[0m  [1m[34mSELECT `ar_internal_metadata`.* FROM `ar_internal_metadata` WHERE `ar_internal_metadata`.`key` = 'environment' LIMIT 1[0m
  [1m[36mTRANSACTION (0.2ms)[0m  [1m[35mBEGIN[0m
  [1m[36mActiveRecord::InternalMetadata Create (1.0ms)[0m  [1m[32mINSERT INTO `ar_internal_metadata` (`key`, `value`, `created_at`, `updated_at`) VALUES ('environment', 'development', '2022-06-20 08:42:47.123708', '2022-06-20 08:42:47.123708')[0m
  [1m[36mTRANSACTION (14.1ms)[0m  [1m[35mCOMMIT[0m
  [1m[35m (0.6ms)[0m  [1m[34mSELECT RELEASE_LOCK('8745068457746975655')[0m
  [1m[36mActiveRecord::SchemaMigration Pluck (0.3ms)[0m  [1m[34mSELECT `schema_migrations`.`version` FROM `schema_migrations` ORDER BY `schema_migrations`.`version` ASC[0m
Started GET "/" for 127.0.0.1 at 2022-06-20 11:42:56 +0300
  [1m[36mActiveRecord::SchemaMigration Pluck (2.0ms)[0m  [1m[34mSELECT `schema_migrations`.`version` FROM `schema_migrations` ORDER BY `schema_migrations`.`version` ASC[0m
Processing by ArticlesController#index as HTML
Filter chain halted as #<Proc:0x00007f4359a0ca28 /home/cheese/.rvm/gems/ruby-3.1.0/gems/actionpack-7.0.3/lib/action_controller/metal/http_authentication.rb:79> rendered or redirected
Completed 401 Unauthorized in 8ms (ActiveRecord: 0.0ms | Allocations: 1798)


Started GET "/" for 127.0.0.1 at 2022-06-20 11:43:04 +0300
Processing by ArticlesController#index as HTML
  Rendering layout layouts/application.html.erb
  Rendering articles/index.html.erb within layouts/application
  [1m[36mArticle Count (0.8ms)[0m  [1m[34mSELECT COUNT(*) FROM `articles` WHERE `articles`.`status` = 'для всех'[0m
  ↳ app/models/concerns/visible.rb:12:in `public_count'
  [1m[36mArticle Load (0.4ms)[0m  [1m[34mSELECT `articles`.* FROM `articles`[0m
  ↳ app/views/articles/index.html.erb:6
  Rendered articles/index.html.erb within layouts/application (Duration: 14.8ms | Allocations: 3753)
  Rendered layout layouts/application.html.erb (Duration: 489.9ms | Allocations: 88987)
Completed 200 OK in 635ms (Views: 492.3ms | ActiveRecord: 2.5ms | Allocations: 95341)


Started GET "/articles/new" for 127.0.0.1 at 2022-06-20 11:43:08 +0300
Processing by ArticlesController#new as HTML
  Rendering layout layouts/application.html.erb
  Rendering articles/new.html.erb within layouts/application
  Rendered articles/_form.html.erb (Duration: 32.2ms | Allocations: 2692)
  Rendered articles/new.html.erb within layouts/application (Duration: 36.7ms | Allocations: 3015)
  Rendered layout layouts/application.html.erb (Duration: 48.2ms | Allocations: 5342)
Completed 200 OK in 77ms (Views: 49.2ms | ActiveRecord: 4.8ms | Allocations: 9254)


Started GET "/articles/new" for 127.0.0.1 at 2022-06-20 16:59:00 +0300
  
ActiveRecord::ConnectionNotEstablished (Can't connect to local MySQL server through socket '/var/run/mysqld/mysqld.sock' (2)):
  
activerecord (7.0.3) lib/active_record/connection_adapters/mysql2_adapter.rb:53:in `rescue in new_client'
activerecord (7.0.3) lib/active_record/connection_adapters/mysql2_adapter.rb:43:in `new_client'
activerecord (7.0.3) lib/active_record/connection_adapters/mysql2_adapter.rb:23:in `mysql2_connection'
activerecord (7.0.3) lib/active_record/connection_adapters/abstract/connection_pool.rb:656:in `public_send'
activerecord (7.0.3) lib/active_record/connection_adapters/abstract/connection_pool.rb:656:in `new_connection'
activerecord (7.0.3) lib/active_record/connection_adapters/abstract/connection_pool.rb:700:in `checkout_new_connection'
activerecord (7.0.3) lib/active_record/connection_adapters/abstract/connection_pool.rb:679:in `try_to_checkout_new_connection'
activerecord (7.0.3) lib/active_record/connection_adapters/abstract/connection_pool.rb:640:in `acquire_connection'
activerecord (7.0.3) lib/active_record/connection_adapters/abstract/connection_pool.rb:341:in `checkout'
activerecord (7.0.3) lib/active_record/connection_adapters/abstract/connection_pool.rb:181:in `connection'
activerecord (7.0.3) lib/active_record/connection_adapters/abstract/connection_handler.rb:211:in `retrieve_connection'
activerecord (7.0.3) lib/active_record/connection_handling.rb:313:in `retrieve_connection'
activerecord (7.0.3) lib/active_record/connection_handling.rb:280:in `connection'
activerecord (7.0.3) lib/active_record/migration.rb:613:in `connection'
activerecord (7.0.3) lib/active_record/migration.rb:608:in `build_watcher'
activerecord (7.0.3) lib/active_record/migration.rb:590:in `block in call'
activerecord (7.0.3) lib/active_record/migration.rb:589:in `synchronize'
activerecord (7.0.3) lib/active_record/migration.rb:589:in `call'
actionpack (7.0.3) lib/action_dispatch/middleware/callbacks.rb:27:in `block in call'
activesupport (7.0.3) lib/active_support/callbacks.rb:99:in `run_callbacks'
actionpack (7.0.3) lib/action_dispatch/middleware/callbacks.rb:26:in `call'
actionpack (7.0.3) lib/action_dispatch/middleware/executor.rb:14:in `call'
actionpack (7.0.3) lib/action_dispatch/middleware/actionable_exceptions.rb:17:in `call'
actionpack (7.0.3) lib/action_dispatch/middleware/debug_exceptions.rb:28:in `call'
web-console (4.2.0) lib/web_console/middleware.rb:132:in `call_app'
web-console (4.2.0) lib/web_console/middleware.rb:28:in `block in call'
web-console (4.2.0) lib/web_console/middleware.rb:17:in `catch'
web-console (4.2.0) lib/web_console/middleware.rb:17:in `call'
actionpack (7.0.3) lib/action_dispatch/middleware/show_exceptions.rb:26:in `call'
railties (7.0.3) lib/rails/rack/logger.rb:40:in `call_app'
railties (7.0.3) lib/rails/rack/logger.rb:25:in `block in call'
activesupport (7.0.3) lib/active_support/tagged_logging.rb:114:in `block in tagged'
activesupport (7.0.3) lib/active_support/tagged_logging.rb:38:in `tagged'
activesupport (7.0.3) lib/active_support/tagged_logging.rb:114:in `tagged'
railties (7.0.3) lib/rails/rack/logger.rb:25:in `call'
sprockets-rails (3.4.2) lib/sprockets/rails/quiet_assets.rb:13:in `call'
actionpack (7.0.3) lib/action_dispatch/middleware/remote_ip.rb:93:in `call'
actionpack (7.0.3) lib/action_dispatch/middleware/request_id.rb:26:in `call'
rack (2.2.3.1) lib/rack/method_override.rb:24:in `call'
rack (2.2.3.1) lib/rack/runtime.rb:22:in `call'
activesupport (7.0.3) lib/active_support/cache/strategy/local_cache_middleware.rb:29:in `call'
actionpack (7.0.3) lib/action_dispatch/middleware/server_timing.rb:20:in `call'
actionpack (7.0.3) lib/action_dispatch/middleware/executor.rb:14:in `call'
actionpack (7.0.3) lib/action_dispatch/middleware/static.rb:23:in `call'
rack (2.2.3.1) lib/rack/sendfile.rb:110:in `call'
actionpack (7.0.3) lib/action_dispatch/middleware/host_authorization.rb:137:in `call'
railties (7.0.3) lib/rails/engine.rb:530:in `call'
puma (5.6.4) lib/puma/configuration.rb:252:in `call'
puma (5.6.4) lib/puma/request.rb:77:in `block in handle_request'
puma (5.6.4) lib/puma/thread_pool.rb:340:in `with_force_shutdown'
puma (5.6.4) lib/puma/request.rb:76:in `handle_request'
puma (5.6.4) lib/puma/server.rb:441:in `process_client'
puma (5.6.4) lib/puma/thread_pool.rb:147:in `block in spawn_thread'
Started GET "/articles/new" for 127.0.0.1 at 2022-06-20 16:59:48 +0300
  
ActiveRecord::DatabaseConnectionError (There is an issue connecting to your database with your username/password, username: .

Please check your database configuration to ensure the username/password are valid.
):
  
activerecord (7.0.3) lib/active_record/connection_adapters/mysql2_adapter.rb:49:in `rescue in new_client'
activerecord (7.0.3) lib/active_record/connection_adapters/mysql2_adapter.rb:43:in `new_client'
activerecord (7.0.3) lib/active_record/connection_adapters/mysql2_adapter.rb:23:in `mysql2_connection'
activerecord (7.0.3) lib/active_record/connection_adapters/abstract/connection_pool.rb:656:in `public_send'
activerecord (7.0.3) lib/active_record/connection_adapters/abstract/connection_pool.rb:656:in `new_connection'
activerecord (7.0.3) lib/active_record/connection_adapters/abstract/connection_pool.rb:700:in `checkout_new_connection'
activerecord (7.0.3) lib/active_record/connection_adapters/abstract/connection_pool.rb:679:in `try_to_checkout_new_connection'
activerecord (7.0.3) lib/active_record/connection_adapters/abstract/connection_pool.rb:640:in `acquire_connection'
activerecord (7.0.3) lib/active_record/connection_adapters/abstract/connection_pool.rb:341:in `checkout'
activerecord (7.0.3) lib/active_record/connection_adapters/abstract/connection_pool.rb:181:in `connection'
activerecord (7.0.3) lib/active_record/connection_adapters/abstract/connection_handler.rb:211:in `retrieve_connection'
activerecord (7.0.3) lib/active_record/connection_handling.rb:313:in `retrieve_connection'
activerecord (7.0.3) lib/active_record/connection_handling.rb:280:in `connection'
activerecord (7.0.3) lib/active_record/migration.rb:613:in `connection'
activerecord (7.0.3) lib/active_record/migration.rb:608:in `build_watcher'
activerecord (7.0.3) lib/active_record/migration.rb:590:in `block in call'
activerecord (7.0.3) lib/active_record/migration.rb:589:in `synchronize'
activerecord (7.0.3) lib/active_record/migration.rb:589:in `call'
actionpack (7.0.3) lib/action_dispatch/middleware/callbacks.rb:27:in `block in call'
activesupport (7.0.3) lib/active_support/callbacks.rb:99:in `run_callbacks'
actionpack (7.0.3) lib/action_dispatch/middleware/callbacks.rb:26:in `call'
actionpack (7.0.3) lib/action_dispatch/middleware/executor.rb:14:in `call'
actionpack (7.0.3) lib/action_dispatch/middleware/actionable_exceptions.rb:17:in `call'
actionpack (7.0.3) lib/action_dispatch/middleware/debug_exceptions.rb:28:in `call'
web-console (4.2.0) lib/web_console/middleware.rb:132:in `call_app'
web-console (4.2.0) lib/web_console/middleware.rb:28:in `block in call'
web-console (4.2.0) lib/web_console/middleware.rb:17:in `catch'
web-console (4.2.0) lib/web_console/middleware.rb:17:in `call'
actionpack (7.0.3) lib/action_dispatch/middleware/show_exceptions.rb:26:in `call'
railties (7.0.3) lib/rails/rack/logger.rb:40:in `call_app'
railties (7.0.3) lib/rails/rack/logger.rb:25:in `block in call'
activesupport (7.0.3) lib/active_support/tagged_logging.rb:114:in `block in tagged'
activesupport (7.0.3) lib/active_support/tagged_logging.rb:38:in `tagged'
activesupport (7.0.3) lib/active_support/tagged_logging.rb:114:in `tagged'
railties (7.0.3) lib/rails/rack/logger.rb:25:in `call'
sprockets-rails (3.4.2) lib/sprockets/rails/quiet_assets.rb:13:in `call'
actionpack (7.0.3) lib/action_dispatch/middleware/remote_ip.rb:93:in `call'
actionpack (7.0.3) lib/action_dispatch/middleware/request_id.rb:26:in `call'
rack (2.2.3.1) lib/rack/method_override.rb:24:in `call'
rack (2.2.3.1) lib/rack/runtime.rb:22:in `call'
activesupport (7.0.3) lib/active_support/cache/strategy/local_cache_middleware.rb:29:in `call'
actionpack (7.0.3) lib/action_dispatch/middleware/server_timing.rb:20:in `call'
actionpack (7.0.3) lib/action_dispatch/middleware/executor.rb:14:in `call'
actionpack (7.0.3) lib/action_dispatch/middleware/static.rb:23:in `call'
rack (2.2.3.1) lib/rack/sendfile.rb:110:in `call'
actionpack (7.0.3) lib/action_dispatch/middleware/host_authorization.rb:137:in `call'
railties (7.0.3) lib/rails/engine.rb:530:in `call'
puma (5.6.4) lib/puma/configuration.rb:252:in `call'
puma (5.6.4) lib/puma/request.rb:77:in `block in handle_request'
puma (5.6.4) lib/puma/thread_pool.rb:340:in `with_force_shutdown'
puma (5.6.4) lib/puma/request.rb:76:in `handle_request'
puma (5.6.4) lib/puma/server.rb:441:in `process_client'
puma (5.6.4) lib/puma/thread_pool.rb:147:in `block in spawn_thread'
Started GET "/articles/new" for 127.0.0.1 at 2022-06-20 17:00:50 +0300
  [1m[35m (0.9ms)[0m  [1m[35mCREATE TABLE `schema_migrations` (`version` varchar(255) NOT NULL PRIMARY KEY)[0m
  
ActiveRecord::StatementInvalid (Mysql2::Error: No database selected):
  
mysql2 (0.5.4) lib/mysql2/client.rb:148:in `_query'
mysql2 (0.5.4) lib/mysql2/client.rb:148:in `block in query'
mysql2 (0.5.4) lib/mysql2/client.rb:147:in `handle_interrupt'
mysql2 (0.5.4) lib/mysql2/client.rb:147:in `query'
activerecord (7.0.3) lib/active_record/connection_adapters/abstract_mysql_adapter.rb:632:in `block (2 levels) in raw_execute'
activesupport (7.0.3) lib/active_support/concurrency/share_lock.rb:187:in `yield_shares'
activesupport (7.0.3) lib/active_support/dependencies/interlock.rb:41:in `permit_concurrent_loads'
activerecord (7.0.3) lib/active_record/connection_adapters/abstract_mysql_adapter.rb:631:in `block in raw_execute'
activesupport (7.0.3) lib/active_support/concurrency/load_interlock_aware_monitor.rb:25:in `handle_interrupt'
activesupport (7.0.3) lib/active_support/concurrency/load_interlock_aware_monitor.rb:25:in `block in synchronize'
activesupport (7.0.3) lib/active_support/concurrency/load_interlock_aware_monitor.rb:21:in `handle_interrupt'
activesupport (7.0.3) lib/active_support/concurrency/load_interlock_aware_monitor.rb:21:in `synchronize'
activerecord (7.0.3) lib/active_record/connection_adapters/abstract_adapter.rb:765:in `block in log'
activesupport (7.0.3) lib/active_support/notifications/instrumenter.rb:24:in `instrument'
activerecord (7.0.3) lib/active_record/connection_adapters/abstract_adapter.rb:756:in `log'
activerecord (7.0.3) lib/active_record/connection_adapters/abstract_mysql_adapter.rb:630:in `raw_execute'
activerecord (7.0.3) lib/active_record/connection_adapters/mysql/database_statements.rb:96:in `raw_execute'
activerecord (7.0.3) lib/active_record/connection_adapters/mysql/database_statements.rb:47:in `execute'
activerecord (7.0.3) lib/active_record/connection_adapters/abstract/schema_statements.rb:325:in `create_table'
activerecord (7.0.3) lib/active_record/connection_adapters/mysql/schema_statements.rb:81:in `create_table'
activerecord (7.0.3) lib/active_record/schema_migration.rb:23:in `create_table'
activerecord (7.0.3) lib/active_record/migration.rb:1259:in `initialize'
activerecord (7.0.3) lib/active_record/migration.rb:1135:in `new'
activerecord (7.0.3) lib/active_record/migration.rb:1135:in `open'
activerecord (7.0.3) lib/active_record/migration.rb:156:in `detailed_migration_message'
activerecord (7.0.3) lib/active_record/migration.rb:147:in `initialize'
activerecord (7.0.3) lib/active_record/migration.rb:627:in `exception'
activerecord (7.0.3) lib/active_record/migration.rb:627:in `raise'
activerecord (7.0.3) lib/active_record/migration.rb:627:in `check_pending!'
activerecord (7.0.3) lib/active_record/migration.rb:592:in `block (2 levels) in call'
activesupport (7.0.3) lib/active_support/file_update_checker.rb:83:in `execute'
activerecord (7.0.3) lib/active_record/migration.rb:597:in `block in call'
activerecord (7.0.3) lib/active_record/migration.rb:589:in `synchronize'
activerecord (7.0.3) lib/active_record/migration.rb:589:in `call'
actionpack (7.0.3) lib/action_dispatch/middleware/callbacks.rb:27:in `block in call'
activesupport (7.0.3) lib/active_support/callbacks.rb:99:in `run_callbacks'
actionpack (7.0.3) lib/action_dispatch/middleware/callbacks.rb:26:in `call'
actionpack (7.0.3) lib/action_dispatch/middleware/executor.rb:14:in `call'
actionpack (7.0.3) lib/action_dispatch/middleware/actionable_exceptions.rb:17:in `call'
actionpack (7.0.3) lib/action_dispatch/middleware/debug_exceptions.rb:28:in `call'
web-console (4.2.0) lib/web_console/middleware.rb:132:in `call_app'
web-console (4.2.0) lib/web_console/middleware.rb:28:in `block in call'
web-console (4.2.0) lib/web_console/middleware.rb:17:in `catch'
web-console (4.2.0) lib/web_console/middleware.rb:17:in `call'
actionpack (7.0.3) lib/action_dispatch/middleware/show_exceptions.rb:26:in `call'
railties (7.0.3) lib/rails/rack/logger.rb:40:in `call_app'
railties (7.0.3) lib/rails/rack/logger.rb:25:in `block in call'
activesupport (7.0.3) lib/active_support/tagged_logging.rb:114:in `block in tagged'
activesupport (7.0.3) lib/active_support/tagged_logging.rb:38:in `tagged'
activesupport (7.0.3) lib/active_support/tagged_logging.rb:114:in `tagged'
railties (7.0.3) lib/rails/rack/logger.rb:25:in `call'
sprockets-rails (3.4.2) lib/sprockets/rails/quiet_assets.rb:13:in `call'
actionpack (7.0.3) lib/action_dispatch/middleware/remote_ip.rb:93:in `call'
actionpack (7.0.3) lib/action_dispatch/middleware/request_id.rb:26:in `call'
rack (2.2.3.1) lib/rack/method_override.rb:24:in `call'
rack (2.2.3.1) lib/rack/runtime.rb:22:in `call'
activesupport (7.0.3) lib/active_support/cache/strategy/local_cache_middleware.rb:29:in `call'
actionpack (7.0.3) lib/action_dispatch/middleware/server_timing.rb:20:in `call'
actionpack (7.0.3) lib/action_dispatch/middleware/executor.rb:14:in `call'
actionpack (7.0.3) lib/action_dispatch/middleware/static.rb:23:in `call'
rack (2.2.3.1) lib/rack/sendfile.rb:110:in `call'
actionpack (7.0.3) lib/action_dispatch/middleware/host_authorization.rb:137:in `call'
railties (7.0.3) lib/rails/engine.rb:530:in `call'
puma (5.6.4) lib/puma/configuration.rb:252:in `call'
puma (5.6.4) lib/puma/request.rb:77:in `block in handle_request'
puma (5.6.4) lib/puma/thread_pool.rb:340:in `with_force_shutdown'
puma (5.6.4) lib/puma/request.rb:76:in `handle_request'
puma (5.6.4) lib/puma/server.rb:441:in `process_client'
puma (5.6.4) lib/puma/thread_pool.rb:147:in `block in spawn_thread'
Started GET "/" for 127.0.0.1 at 2022-06-22 00:50:02 +0300
  
ActiveRecord::NoDatabaseError (We could not find your database: myapp_development. Which can be found in the database configuration file located at config/database.yml.

To resolve this issue:

- Did you create the database for this app, or delete it? You may need to create your database.
- Has the database name changed? Check your database.yml config has the correct database name.

To create your database, run:

        bin/rails db:create
):
  
activerecord (7.0.3) lib/active_record/connection_adapters/mysql2_adapter.rb:47:in `rescue in new_client'
activerecord (7.0.3) lib/active_record/connection_adapters/mysql2_adapter.rb:43:in `new_client'
activerecord (7.0.3) lib/active_record/connection_adapters/mysql2_adapter.rb:23:in `mysql2_connection'
activerecord (7.0.3) lib/active_record/connection_adapters/abstract/connection_pool.rb:656:in `public_send'
activerecord (7.0.3) lib/active_record/connection_adapters/abstract/connection_pool.rb:656:in `new_connection'
activerecord (7.0.3) lib/active_record/connection_adapters/abstract/connection_pool.rb:700:in `checkout_new_connection'
activerecord (7.0.3) lib/active_record/connection_adapters/abstract/connection_pool.rb:679:in `try_to_checkout_new_connection'
activerecord (7.0.3) lib/active_record/connection_adapters/abstract/connection_pool.rb:640:in `acquire_connection'
activerecord (7.0.3) lib/active_record/connection_adapters/abstract/connection_pool.rb:341:in `checkout'
activerecord (7.0.3) lib/active_record/connection_adapters/abstract/connection_pool.rb:181:in `connection'
activerecord (7.0.3) lib/active_record/connection_adapters/abstract/connection_handler.rb:211:in `retrieve_connection'
activerecord (7.0.3) lib/active_record/connection_handling.rb:313:in `retrieve_connection'
activerecord (7.0.3) lib/active_record/connection_handling.rb:280:in `connection'
activerecord (7.0.3) lib/active_record/migration.rb:613:in `connection'
activerecord (7.0.3) lib/active_record/migration.rb:608:in `build_watcher'
activerecord (7.0.3) lib/active_record/migration.rb:590:in `block in call'
activerecord (7.0.3) lib/active_record/migration.rb:589:in `synchronize'
activerecord (7.0.3) lib/active_record/migration.rb:589:in `call'
actionpack (7.0.3) lib/action_dispatch/middleware/callbacks.rb:27:in `block in call'
activesupport (7.0.3) lib/active_support/callbacks.rb:99:in `run_callbacks'
actionpack (7.0.3) lib/action_dispatch/middleware/callbacks.rb:26:in `call'
actionpack (7.0.3) lib/action_dispatch/middleware/executor.rb:14:in `call'
actionpack (7.0.3) lib/action_dispatch/middleware/actionable_exceptions.rb:17:in `call'
actionpack (7.0.3) lib/action_dispatch/middleware/debug_exceptions.rb:28:in `call'
web-console (4.2.0) lib/web_console/middleware.rb:132:in `call_app'
web-console (4.2.0) lib/web_console/middleware.rb:28:in `block in call'
web-console (4.2.0) lib/web_console/middleware.rb:17:in `catch'
web-console (4.2.0) lib/web_console/middleware.rb:17:in `call'
actionpack (7.0.3) lib/action_dispatch/middleware/show_exceptions.rb:26:in `call'
railties (7.0.3) lib/rails/rack/logger.rb:40:in `call_app'
railties (7.0.3) lib/rails/rack/logger.rb:25:in `block in call'
activesupport (7.0.3) lib/active_support/tagged_logging.rb:114:in `block in tagged'
activesupport (7.0.3) lib/active_support/tagged_logging.rb:38:in `tagged'
activesupport (7.0.3) lib/active_support/tagged_logging.rb:114:in `tagged'
railties (7.0.3) lib/rails/rack/logger.rb:25:in `call'
sprockets-rails (3.4.2) lib/sprockets/rails/quiet_assets.rb:13:in `call'
actionpack (7.0.3) lib/action_dispatch/middleware/remote_ip.rb:93:in `call'
actionpack (7.0.3) lib/action_dispatch/middleware/request_id.rb:26:in `call'
rack (2.2.3.1) lib/rack/method_override.rb:24:in `call'
rack (2.2.3.1) lib/rack/runtime.rb:22:in `call'
activesupport (7.0.3) lib/active_support/cache/strategy/local_cache_middleware.rb:29:in `call'
actionpack (7.0.3) lib/action_dispatch/middleware/server_timing.rb:20:in `call'
actionpack (7.0.3) lib/action_dispatch/middleware/executor.rb:14:in `call'
actionpack (7.0.3) lib/action_dispatch/middleware/static.rb:23:in `call'
rack (2.2.3.1) lib/rack/sendfile.rb:110:in `call'
actionpack (7.0.3) lib/action_dispatch/middleware/host_authorization.rb:137:in `call'
railties (7.0.3) lib/rails/engine.rb:530:in `call'
puma (5.6.4) lib/puma/configuration.rb:252:in `call'
puma (5.6.4) lib/puma/request.rb:77:in `block in handle_request'
puma (5.6.4) lib/puma/thread_pool.rb:340:in `with_force_shutdown'
puma (5.6.4) lib/puma/request.rb:76:in `handle_request'
puma (5.6.4) lib/puma/server.rb:441:in `process_client'
puma (5.6.4) lib/puma/thread_pool.rb:147:in `block in spawn_thread'
